Using pre-set license
Built from '2020.3/staging' branch; Version is '2020.3.10f1 (297d780c91bc) revision 2719096'; Using compiler version '192528614'; Build Type 'Release'
OS: 'Windows 10 Home; OS build 19042.1348; Version 2009; 64bit' Language: 'en' Physical Memory: 16259 MB
BatchMode: 1, IsHumanControllingUs: 0, StartBugReporterOnCrash: 0, Is64bit: 1, IsPro: 0

 COMMAND LINE ARGUMENTS:
E:\Applications\UnityHub\Unity\Hub\Editor\2020.3.10f1\Editor\Unity.exe
-adb2
-batchMode
-noUpm
-name
AssetImportWorker0
-projectPath
E:/Personal/Animation Projects/One Moon/OneMoon/Unity/One Moon
-logFile
Logs/AssetImportWorker0.log
-srvPort
55714
Successfully changed project path to: E:/Personal/Animation Projects/One Moon/OneMoon/Unity/One Moon
E:/Personal/Animation Projects/One Moon/OneMoon/Unity/One Moon
Using Asset Import Pipeline V2.
Refreshing native plugins compatible for Editor in 68.49 ms, found 2 plugins.
Preloading 0 native plugins for Editor in 0.00 ms.
Initialize engine version: 2020.3.10f1 (297d780c91bc)
[Subsystems] Discovering subsystems at path E:/Applications/UnityHub/Unity/Hub/Editor/2020.3.10f1/Editor/Data/Resources/UnitySubsystems
[Subsystems] Discovering subsystems at path E:/Personal/Animation Projects/One Moon/OneMoon/Unity/One Moon/Assets
GfxDevice: creating device client; threaded=0
Direct3D:
    Version:  Direct3D 11.0 [level 11.1]
    Renderer: NVIDIA GeForce GTX 1050 Ti (ID=0x1c8c)
    Vendor:   
    VRAM:     4021 MB
    Driver:   27.21.14.6192
Shader 'Universal Render Pipeline/Particles/Lit': fallback shader 'Universal Render Pipeline/Particles/SimpleLit' not found
Initialize mono
Mono path[0] = 'E:/Applications/UnityHub/Unity/Hub/Editor/2020.3.10f1/Editor/Data/Managed'
Mono path[1] = 'E:/Applications/UnityHub/Unity/Hub/Editor/2020.3.10f1/Editor/Data/MonoBleedingEdge/lib/mono/unityjit'
Mono config path = 'E:/Applications/UnityHub/Unity/Hub/Editor/2020.3.10f1/Editor/Data/MonoBleedingEdge/etc'
Using monoOptions --debugger-agent=transport=dt_socket,embedding=1,server=y,suspend=n,address=127.0.0.1:56156
Begin MonoManager ReloadAssembly
Registering precompiled unity dll's ...
Register platform support module: E:/Applications/UnityHub/Unity/Hub/Editor/2020.3.10f1/Editor/Data/PlaybackEngines/WindowsStandaloneSupport/UnityEditor.WindowsStandalone.Extensions.dll
Registered in 0.005152 seconds.
Native extension for WindowsStandalone target not found
Refreshing native plugins compatible for Editor in 88.20 ms, found 2 plugins.
Preloading 0 native plugins for Editor in 0.00 ms.
Mono: successfully reloaded assembly
- Completed reload, in  3.096 seconds
Platform modules already initialized, skipping
Registering precompiled user dll's ...
Registered in 0.023471 seconds.
Begin MonoManager ReloadAssembly
Native extension for WindowsStandalone target not found
Refreshing native plugins compatible for Editor in 66.88 ms, found 2 plugins.
Preloading 0 native plugins for Editor in 0.00 ms.
Mono: successfully reloaded assembly
- Completed reload, in  1.563 seconds
Platform modules already initialized, skipping
========================================================================
Worker process is ready to serve import requests
Shader 'Universal Render Pipeline/Particles/Lit': fallback shader 'Universal Render Pipeline/Particles/SimpleLit' not found
Launched and connected shader compiler UnityShaderCompiler.exe after 0.06 seconds
Refreshing native plugins compatible for Editor in 0.55 ms, found 2 plugins.
Preloading 0 native plugins for Editor in 0.00 ms.
Unloading 3212 Unused Serialized files (Serialized files now loaded: 0)
System memory in use before: 144.0 MB.
System memory in use after: 141.9 MB.

Unloading 51 unused Assets to reduce memory usage. Loaded Objects now: 3626.
Total: 5.405400 ms (FindLiveObjects: 0.308100 ms CreateObjectMapping: 0.154400 ms MarkObjects: 3.414700 ms  DeleteObjects: 1.526500 ms)

========================================================================
Received Import Request.
  path: Assets/Scenes/Puzzle Tests.unity
  artifactKey: Guid(f56e5eb36343e9e4397e43f98bd627d8) Importer(815301076,1909f56bfc062723c751e8b465ee728b)
Start importing Assets/Scenes/Puzzle Tests.unity using Guid(f56e5eb36343e9e4397e43f98bd627d8) Importer(815301076,1909f56bfc062723c751e8b465ee728b)  -> (artifact id: 'b6dd4cbd899a4629bccc86ce0b0c7543') in 0.021690 seconds
  Import took 0.028544 seconds .

========================================================================
Received Import Request.
  Time since last request: 92.995341 seconds.
  path: Assets/Scripts/Puzzles
  artifactKey: Guid(e2d5ed2d4a7ca0d43933a7ffcd691e1a) Importer(815301076,1909f56bfc062723c751e8b465ee728b)
Start importing Assets/Scripts/Puzzles using Guid(e2d5ed2d4a7ca0d43933a7ffcd691e1a) Importer(815301076,1909f56bfc062723c751e8b465ee728b)  -> (artifact id: 'a1af4f18b49e085a50f7ab80ca903f13') in 0.004890 seconds
  Import took 0.036423 seconds .

========================================================================
Received Import Request.
  Time since last request: 5253.722835 seconds.
  path: Assets/Scripts/Game Management/SceneManager.cs
  artifactKey: Guid(499b5250ac7268c41808dec346a3450c) Importer(815301076,1909f56bfc062723c751e8b465ee728b)
Start importing Assets/Scripts/Game Management/SceneManager.cs using Guid(499b5250ac7268c41808dec346a3450c) Importer(815301076,1909f56bfc062723c751e8b465ee728b)  -> (artifact id: 'c8c2e5efdeb0b712ef2ca66870b76686') in 0.076119 seconds
  Import took 0.256620 seconds .

========================================================================
Received Import Request.
  Time since last request: 8.188515 seconds.
  path: Assets/Scripts/Game Management/SceneInputManager.cs
  artifactKey: Guid(499b5250ac7268c41808dec346a3450c) Importer(815301076,1909f56bfc062723c751e8b465ee728b)
Start importing Assets/Scripts/Game Management/SceneInputManager.cs using Guid(499b5250ac7268c41808dec346a3450c) Importer(815301076,1909f56bfc062723c751e8b465ee728b)  -> (artifact id: '0599f0b70a82e292c09f61a449d65199') in 0.004846 seconds
  Import took 0.028918 seconds .

========================================================================
Received Import Request.
  Time since last request: 24.198990 seconds.
  path: Assets/Scripts/Game Management/SceneManager.cs
  artifactKey: Guid(499b5250ac7268c41808dec346a3450c) Importer(815301076,1909f56bfc062723c751e8b465ee728b)
Start importing Assets/Scripts/Game Management/SceneManager.cs using Guid(499b5250ac7268c41808dec346a3450c) Importer(815301076,1909f56bfc062723c751e8b465ee728b)  -> (artifact id: 'e8eaaad26371ab203b277d8f7e3943a1') in 0.003638 seconds
  Import took 0.115836 seconds .

========================================================================
Received Prepare
Registering precompiled user dll's ...
Registered in 0.147954 seconds.
Begin MonoManager ReloadAssembly
Native extension for WindowsStandalone target not found
Refreshing native plugins compatible for Editor in 1.13 ms, found 2 plugins.
Preloading 0 native plugins for Editor in 0.00 ms.
Mono: successfully reloaded assembly
- Completed reload, in  2.765 seconds
Platform modules already initialized, skipping
Switching build target platform(19) subTarget(0) extendedPlatform(0) -> platform(21) subTarget(0) extendedPlatform(0)
Shader 'Universal Render Pipeline/Particles/Lit': fallback shader 'Universal Render Pipeline/Particles/SimpleLit' not found
Refreshing native plugins compatible for Editor in 0.91 ms, found 2 plugins.
Preloading 0 native plugins for Editor in 0.00 ms.
Unloading 3162 Unused Serialized files (Serialized files now loaded: 0)
System memory in use before: 142.7 MB.
System memory in use after: 140.7 MB.

Unloading 44 unused Assets to reduce memory usage. Loaded Objects now: 3671.
Total: 7.698900 ms (FindLiveObjects: 0.394000 ms CreateObjectMapping: 0.249700 ms MarkObjects: 4.103000 ms  DeleteObjects: 2.949400 ms)

AssetImportWorkerClient::OnTransportError - code=2 error=End of file
