Using pre-set license
Built from '2020.3/staging' branch; Version is '2020.3.10f1 (297d780c91bc) revision 2719096'; Using compiler version '192528614'; Build Type 'Release'
OS: 'Windows 10 Home; OS build 19042.1348; Version 2009; 64bit' Language: 'en' Physical Memory: 16259 MB
BatchMode: 1, IsHumanControllingUs: 0, StartBugReporterOnCrash: 0, Is64bit: 1, IsPro: 0

 COMMAND LINE ARGUMENTS:
E:\Applications\UnityHub\Unity\Hub\Editor\2020.3.10f1\Editor\Unity.exe
-adb2
-batchMode
-noUpm
-name
AssetImportWorker0
-projectPath
E:/Personal/Animation Projects/One Moon/OneMoon/Unity/One Moon
-logFile
Logs/AssetImportWorker0.log
-srvPort
57641
Successfully changed project path to: E:/Personal/Animation Projects/One Moon/OneMoon/Unity/One Moon
E:/Personal/Animation Projects/One Moon/OneMoon/Unity/One Moon
Using Asset Import Pipeline V2.
Refreshing native plugins compatible for Editor in 68.07 ms, found 2 plugins.
Preloading 0 native plugins for Editor in 0.00 ms.
Initialize engine version: 2020.3.10f1 (297d780c91bc)
[Subsystems] Discovering subsystems at path E:/Applications/UnityHub/Unity/Hub/Editor/2020.3.10f1/Editor/Data/Resources/UnitySubsystems
[Subsystems] Discovering subsystems at path E:/Personal/Animation Projects/One Moon/OneMoon/Unity/One Moon/Assets
GfxDevice: creating device client; threaded=0
Direct3D:
    Version:  Direct3D 11.0 [level 11.1]
    Renderer: NVIDIA GeForce GTX 1050 Ti (ID=0x1c8c)
    Vendor:   
    VRAM:     4021 MB
    Driver:   27.21.14.6192
Shader 'Universal Render Pipeline/Particles/Lit': fallback shader 'Universal Render Pipeline/Particles/SimpleLit' not found
Initialize mono
Mono path[0] = 'E:/Applications/UnityHub/Unity/Hub/Editor/2020.3.10f1/Editor/Data/Managed'
Mono path[1] = 'E:/Applications/UnityHub/Unity/Hub/Editor/2020.3.10f1/Editor/Data/MonoBleedingEdge/lib/mono/unityjit'
Mono config path = 'E:/Applications/UnityHub/Unity/Hub/Editor/2020.3.10f1/Editor/Data/MonoBleedingEdge/etc'
Using monoOptions --debugger-agent=transport=dt_socket,embedding=1,server=y,suspend=n,address=127.0.0.1:56220
Begin MonoManager ReloadAssembly
Registering precompiled unity dll's ...
Register platform support module: E:/Applications/UnityHub/Unity/Hub/Editor/2020.3.10f1/Editor/Data/PlaybackEngines/WindowsStandaloneSupport/UnityEditor.WindowsStandalone.Extensions.dll
Registered in 0.002100 seconds.
Native extension for WindowsStandalone target not found
Refreshing native plugins compatible for Editor in 61.97 ms, found 2 plugins.
Preloading 0 native plugins for Editor in 0.00 ms.
Mono: successfully reloaded assembly
- Completed reload, in  2.094 seconds
Platform modules already initialized, skipping
Registering precompiled user dll's ...
Registered in 0.019746 seconds.
Begin MonoManager ReloadAssembly
Native extension for WindowsStandalone target not found
Refreshing native plugins compatible for Editor in 62.57 ms, found 2 plugins.
Preloading 0 native plugins for Editor in 0.00 ms.
Mono: successfully reloaded assembly
- Completed reload, in  1.924 seconds
Platform modules already initialized, skipping
========================================================================
Worker process is ready to serve import requests
Shader 'Universal Render Pipeline/Particles/Lit': fallback shader 'Universal Render Pipeline/Particles/SimpleLit' not found
Launched and connected shader compiler UnityShaderCompiler.exe after 0.27 seconds
Refreshing native plugins compatible for Editor in 0.55 ms, found 2 plugins.
Preloading 0 native plugins for Editor in 0.00 ms.
Unloading 3213 Unused Serialized files (Serialized files now loaded: 0)
System memory in use before: 143.9 MB.
System memory in use after: 141.8 MB.

Unloading 51 unused Assets to reduce memory usage. Loaded Objects now: 3627.
Total: 4.023900 ms (FindLiveObjects: 0.295400 ms CreateObjectMapping: 0.133600 ms MarkObjects: 2.529000 ms  DeleteObjects: 1.064700 ms)

========================================================================
Received Import Request.
  path: Packages/com.unity.render-pipelines.universal/Runtime/Data/PostProcessData.asset
  artifactKey: Guid(41439944d30ece34e96484bdb6645b55) Importer(815301076,1909f56bfc062723c751e8b465ee728b)
Start importing Packages/com.unity.render-pipelines.universal/Runtime/Data/PostProcessData.asset using Guid(41439944d30ece34e96484bdb6645b55) Importer(815301076,1909f56bfc062723c751e8b465ee728b)  -> (artifact id: 'baa5b4c698eff41430dced805b51beb1') in 0.119084 seconds
  Import took 0.142904 seconds .

========================================================================
Received Import Request.
  Time since last request: 0.001914 seconds.
  path: Packages/com.unity.render-pipelines.universal/Runtime/Data/ForwardRendererData.asset
  artifactKey: Guid(618d298269e66c542b306de85db1faea) Importer(815301076,1909f56bfc062723c751e8b465ee728b)
Start importing Packages/com.unity.render-pipelines.universal/Runtime/Data/ForwardRendererData.asset using Guid(618d298269e66c542b306de85db1faea) Importer(815301076,1909f56bfc062723c751e8b465ee728b)  -> (artifact id: '57ea623f2abee8e97292e99d886a2ab2') in 0.016034 seconds
  Import took 0.046606 seconds .

========================================================================
Received Import Request.
  Time since last request: 0.000670 seconds.
  path: Assets/Settings/ForwardRenderer.asset
  artifactKey: Guid(4a8e21d5c33334b11b34a596161b9360) Importer(815301076,1909f56bfc062723c751e8b465ee728b)
Start importing Assets/Settings/ForwardRenderer.asset using Guid(4a8e21d5c33334b11b34a596161b9360) Importer(815301076,1909f56bfc062723c751e8b465ee728b)  -> (artifact id: '878681edc5296434f6d951240a1d21f1') in 0.004849 seconds
  Import took 0.042026 seconds .

========================================================================
Received Import Request.
  Time since last request: 37.131113 seconds.
  path: Packages/com.unity.render-pipelines.universal/Runtime/Data/XRSystemData.asset
  artifactKey: Guid(60e1133243b97e347b653163a8c01b64) Importer(815301076,1909f56bfc062723c751e8b465ee728b)
Start importing Packages/com.unity.render-pipelines.universal/Runtime/Data/XRSystemData.asset using Guid(60e1133243b97e347b653163a8c01b64) Importer(815301076,1909f56bfc062723c751e8b465ee728b)  -> (artifact id: 'c824e89a75cd9dc0689e3c1490b50c48') in 0.004193 seconds
  Import took 0.070288 seconds .

========================================================================
Received Import Request.
  Time since last request: 0.511530 seconds.
  path: Packages/com.unity.render-pipelines.universal/Runtime/Data/UniversalRenderPipelineEditorResources.asset
  artifactKey: Guid(a3d8d823eedde654bb4c11a1cfaf1abb) Importer(815301076,1909f56bfc062723c751e8b465ee728b)
Start importing Packages/com.unity.render-pipelines.universal/Runtime/Data/UniversalRenderPipelineEditorResources.asset using Guid(a3d8d823eedde654bb4c11a1cfaf1abb) Importer(815301076,1909f56bfc062723c751e8b465ee728b)  -> (artifact id: '05ea44f273129abf10161ccd83570193') in 0.037483 seconds
  Import took 0.062056 seconds .

========================================================================
Received Import Request.
  Time since last request: 4.786559 seconds.
  path: Packages/com.unity.render-pipelines.universal/Runtime/Data
  artifactKey: Guid(d59f1663563e245fabce035da7cecd75) Importer(815301076,1909f56bfc062723c751e8b465ee728b)
Start importing Packages/com.unity.render-pipelines.universal/Runtime/Data using Guid(d59f1663563e245fabce035da7cecd75) Importer(815301076,1909f56bfc062723c751e8b465ee728b)  -> (artifact id: '6c9206fe60989c7c013e08253c744cb9') in 0.038367 seconds
  Import took 0.113305 seconds .

========================================================================
Received Import Request.
  Time since last request: 57.718890 seconds.
  path: Assets/UniversalRenderPipelineAsset_Renderer.asset
  artifactKey: Guid(8053120afef73a6488a1b4621f9831b3) Importer(815301076,1909f56bfc062723c751e8b465ee728b)
Start importing Assets/UniversalRenderPipelineAsset_Renderer.asset using Guid(8053120afef73a6488a1b4621f9831b3) Importer(815301076,1909f56bfc062723c751e8b465ee728b)  -> (artifact id: 'e696839938780157011e17e3d0c7529b') in 0.007274 seconds
  Import took 0.369750 seconds .

========================================================================
Received Import Request.
  Time since last request: 2.429130 seconds.
  path: Assets/UniversalRenderPipelineAsset.asset
  artifactKey: Guid(15017418ffc31d445b9e8438e6173cc0) Importer(815301076,1909f56bfc062723c751e8b465ee728b)
Start importing Assets/UniversalRenderPipelineAsset.asset using Guid(15017418ffc31d445b9e8438e6173cc0) Importer(815301076,1909f56bfc062723c751e8b465ee728b)  -> (artifact id: '7862359456831754f1adc20a7fd6d208') in 0.005808 seconds
  Import took 0.066942 seconds .

========================================================================
Received Import Request.
  Time since last request: 11.219144 seconds.
  path: Assets/UniversalRenderPipelineAsset_Renderer.asset
  artifactKey: Guid(8053120afef73a6488a1b4621f9831b3) Importer(815301076,1909f56bfc062723c751e8b465ee728b)
Start importing Assets/UniversalRenderPipelineAsset_Renderer.asset using Guid(8053120afef73a6488a1b4621f9831b3) Importer(815301076,1909f56bfc062723c751e8b465ee728b)  -> (artifact id: '6e548b844358c9b61c34574bd53efbbb') in 0.012450 seconds
  Import took 0.056874 seconds .

========================================================================
Received Prepare
Shader 'Universal Render Pipeline/Particles/Lit': fallback shader 'Universal Render Pipeline/Particles/SimpleLit' not found
Refreshing native plugins compatible for Editor in 5.11 ms, found 2 plugins.
Preloading 0 native plugins for Editor in 0.00 ms.
Unloading 44 Unused Serialized files (Serialized files now loaded: 0)
System memory in use before: 77.3 MB.
System memory in use after: 75.3 MB.

Unloading 41 unused Assets to reduce memory usage. Loaded Objects now: 3635.
Total: 5.179200 ms (FindLiveObjects: 0.346800 ms CreateObjectMapping: 0.263400 ms MarkObjects: 3.088800 ms  DeleteObjects: 1.478700 ms)

AssetImportWorkerClient::OnTransportError - code=2 error=End of file
